<?xml version="1.0" encoding="UTF-8"?>
<!-- Generated by org.testng.reporters.JUnitReportReporter -->
<testsuite hostname="DESKTOP-SM09GIE" failures="0" tests="5" name="com.kk.s10.p1.Framework2" time="399.693" errors="0" timestamp="2022-08-10T19:16:53 IST" skipped="0">
  <testcase classname="com.kk.s10.p1.Framework2" name="One" time="78.907"/>
  <system-out/>
  <testcase classname="com.kk.s10.p1.Framework2" name="One" time="155.205"/>
  <system-out/>
  <testcase classname="com.kk.s10.p1.Framework2" name="One" time="50.121"/>
  <system-out/>
  <testcase classname="com.kk.s10.p1.Framework2" name="One" time="79.892"/>
  <system-out/>
  <testcase classname="com.kk.s10.p1.Framework2" name="One" time="35.568"/>
  <system-out/>
</testsuite> <!-- com.kk.s10.p1.Framework2 -->
