<?xml version="1.0" encoding="UTF-8"?>
<!-- Generated by org.testng.reporters.JUnitReportReporter -->
<testsuite hostname="DESKTOP-SM09GIE" failures="0" tests="1" name="pack2.Testclass" time="15.039" errors="0" timestamp="2022-08-10T22:51:06 IST" skipped="0">
  <testcase classname="pack2.Testclass" name="test" time="15.039"/>
  <system-out/>
</testsuite> <!-- pack2.Testclass -->
