<?xml version="1.0" encoding="UTF-8"?>
<!-- Generated by org.testng.reporters.JUnitReportReporter -->
<testsuite hostname="DESKTOP-SM09GIE" failures="0" tests="1" name="com.kk.s10.p2.ReadData" time="0.000" errors="0" timestamp="2022-08-10T20:37:31 IST" skipped="1">
  <testcase classname="com.kk.s10.p2.ReadData" name="One" time="0.000">
    <skipped/>
  </testcase> <!-- One -->
  <system-out/>
</testsuite> <!-- com.kk.s10.p2.ReadData -->
